<?xml version="1.0" encoding="UTF-8"?>
<!-- Generated by org.testng.reporters.JUnitReportReporter -->
<testsuite hostname="D4LAP276-100138" failures="0" tests="2" name="com.selenium.execution.PageFactoryExecution" time="7.053" errors="0" timestamp="2021-12-22T11:17:48 IST" skipped="0">
  <testcase classname="com.selenium.execution.PageFactoryExecution" name="testMethod1" time="3.947"/>
  <system-out/>
  <testcase classname="com.selenium.execution.PageFactoryExecution" name="testMethod" time="3.106"/>
  <system-out/>
</testsuite> <!-- com.selenium.execution.PageFactoryExecution -->
