<?xml version="1.0" encoding="UTF-8"?>
<!-- Generated by org.testng.reporters.JUnitReportReporter -->
<testsuite hostname="D4LAP276-100138" failures="0" tests="2" name="com.testng.framework.DataProviders" time="0.012" errors="0" timestamp="2021-12-21T14:36:28 IST" skipped="0">
  <testcase classname="com.testng.framework.DataProviders" name="printExcelData" time="0.009"/>
  <system-out/>
  <testcase classname="com.testng.framework.DataProviders" name="printExcelData" time="0.003"/>
  <system-out/>
</testsuite> <!-- com.testng.framework.DataProviders -->
