<?xml version="1.0" encoding="UTF-8"?>
<!-- Generated by org.testng.reporters.JUnitReportReporter -->
<testsuite hostname="LAPTOP-QVL6P9RL" failures="0" tests="1" name="TestNG.Demo" time="0.005" errors="0" timestamp="2021-12-02T13:34:19 MST" skipped="0">
  <testcase classname="TestNG.Demo" name="methodA" time="0.005"/>
  <system-out/>
</testsuite> <!-- TestNG.Demo -->
