<?xml version="1.0" encoding="UTF-8"?>
<!-- Generated by org.testng.reporters.JUnitReportReporter -->
<testsuite hostname="LAPTOP-QVL6P9RL" failures="0" tests="1" name="Tests.Register" time="13.462" errors="0" timestamp="2021-12-28T16:17:57 MST" skipped="0">
  <testcase classname="Tests.Register" name="process" time="13.462"/>
  <system-out/>
</testsuite> <!-- Tests.Register -->
