<?xml version="1.0" encoding="UTF-8"?>
<!-- Generated by org.testng.reporters.JUnitReportReporter -->
<testsuite hostname="LAPTOP-QVL6P9RL" failures="0" tests="1" name="Runner.Runner" time="0.181" errors="0" timestamp="2021-12-28T22:52:53 MST" skipped="0">
  <testcase classname="Runner.Runner" name="runScenario" time="0.181"/>
  <system-out/>
</testsuite> <!-- Runner.Runner -->
